2025-06-19 17:53:47,054 - WARNING - Error collecting from apartments.com for Toronto: Page.goto: net::ERR_HTTP2_PROTOCOL_ERROR at https://www.apartments.com/toronto
Call log:
  - navigating to "https://www.apartments.com/toronto", waiting until "networkidle"

2025-06-19 17:53:47,267 - WARNING - Error collecting from zillow.com for Toronto: Page.goto: Navigation to "https://www.zillow.com/toronto-rentals/" is interrupted by another navigation to "chrome-error://chromewebdata/"
Call log:
  - navigating to "https://www.zillow.com/toronto-rentals/", waiting until "networkidle"

2025-06-19 17:53:47,351 - WARNING - Error collecting from rentalfast.ca for Toronto: Page.goto: net::ERR_NAME_NOT_RESOLVED at https://www.rentalfast.ca/search?location=Toronto
Call log:
  - navigating to "https://www.rentalfast.ca/search?location=Toronto", waiting until "networkidle"

2025-06-19 17:53:47,730 - WARNING - Error collecting from padmapper.com for Toronto: Page.goto: Navigation to "https://www.padmapper.com/apartments/toronto" is interrupted by another navigation to "chrome-error://chromewebdata/"
Call log:
  - navigating to "https://www.padmapper.com/apartments/toronto", waiting until "networkidle"

2025-06-19 17:53:55,841 - WARNING - Error processing link /copilotsearch?q=%22Toronto+rental+apartments%22+site%3aapartments.com&FORM=CSSCOP: Page.goto: Protocol error (Page.navigate): Cannot navigate to invalid URL
Call log:
  - navigating to "/copilotsearch?q=%22Toronto+rental+apartments%22+site%3aapartments.com&FORM=CSSCOP", waiting until "networkidle"

2025-06-19 17:53:55,853 - WARNING - Error processing link /shop?q=%22Toronto+rental+apartments%22+site%3aapartments.com&FORM=SHOPTB: Page.goto: Protocol error (Page.navigate): Cannot navigate to invalid URL
Call log:
  - navigating to "/shop?q=%22Toronto+rental+apartments%22+site%3aapartments.com&FORM=SHOPTB", waiting until "networkidle"

2025-06-19 17:53:55,863 - WARNING - Error processing link /images/search?q=%22Toronto+rental+apartments%22+site%3aapartments.com&FORM=HDRSC3: Page.goto: Protocol error (Page.navigate): Cannot navigate to invalid URL
Call log:
  - navigating to "/images/search?q=%22Toronto+rental+apartments%22+site%3aapartments.com&FORM=HDRSC3", waiting until "networkidle"

2025-06-19 17:54:02,149 - WARNING - Error processing link /copilotsearch?q=%22Toronto+rental+properties%22+site%3azillow.com&FORM=CSSCOP: Page.goto: Protocol error (Page.navigate): Cannot navigate to invalid URL
Call log:
  - navigating to "/copilotsearch?q=%22Toronto+rental+properties%22+site%3azillow.com&FORM=CSSCOP", waiting until "networkidle"

2025-06-19 17:54:02,160 - WARNING - Error processing link /images/search?q=%22Toronto+rental+properties%22+site%3azillow.com&FORM=HDRSC3: Page.goto: Protocol error (Page.navigate): Cannot navigate to invalid URL
Call log:
  - navigating to "/images/search?q=%22Toronto+rental+properties%22+site%3azillow.com&FORM=HDRSC3", waiting until "networkidle"

2025-06-19 17:54:02,170 - WARNING - Error processing link /videos/search?q=%22Toronto+rental+properties%22+site%3azillow.com&FORM=HDRSC4: Page.goto: Protocol error (Page.navigate): Cannot navigate to invalid URL
Call log:
  - navigating to "/videos/search?q=%22Toronto+rental+properties%22+site%3azillow.com&FORM=HDRSC4", waiting until "networkidle"

2025-06-19 17:54:08,390 - WARNING - Error processing link /copilotsearch?q=%22Toronto+apartments+for+rent%22+site%3arentalfast.ca&FORM=CSSCOP: Page.goto: Protocol error (Page.navigate): Cannot navigate to invalid URL
Call log:
  - navigating to "/copilotsearch?q=%22Toronto+apartments+for+rent%22+site%3arentalfast.ca&FORM=CSSCOP", waiting until "networkidle"

2025-06-19 17:54:08,400 - WARNING - Error processing link /shop?q=%22Toronto+apartments+for+rent%22+site%3arentalfast.ca&FORM=SHOPTB: Page.goto: Protocol error (Page.navigate): Cannot navigate to invalid URL
Call log:
  - navigating to "/shop?q=%22Toronto+apartments+for+rent%22+site%3arentalfast.ca&FORM=SHOPTB", waiting until "networkidle"

2025-06-19 17:54:08,410 - WARNING - Error processing link /images/search?q=%22Toronto+apartments+for+rent%22+site%3arentalfast.ca&FORM=HDRSC3: Page.goto: Protocol error (Page.navigate): Cannot navigate to invalid URL
Call log:
  - navigating to "/images/search?q=%22Toronto+apartments+for+rent%22+site%3arentalfast.ca&FORM=HDRSC3", waiting until "networkidle"

2025-06-19 17:54:13,827 - WARNING - Error processing link /copilotsearch?q=%22Toronto+rental+listings%22+site%3apadmapper.com&FORM=CSSCOP: Page.goto: Protocol error (Page.navigate): Cannot navigate to invalid URL
Call log:
  - navigating to "/copilotsearch?q=%22Toronto+rental+listings%22+site%3apadmapper.com&FORM=CSSCOP", waiting until "networkidle"

2025-06-19 17:54:13,837 - WARNING - Error processing link /images/search?q=%22Toronto+rental+listings%22+site%3apadmapper.com&FORM=HDRSC3: Page.goto: Protocol error (Page.navigate): Cannot navigate to invalid URL
Call log:
  - navigating to "/images/search?q=%22Toronto+rental+listings%22+site%3apadmapper.com&FORM=HDRSC3", waiting until "networkidle"

2025-06-19 17:54:13,847 - WARNING - Error processing link /videos/search?q=%22Toronto+rental+listings%22+site%3apadmapper.com&FORM=HDRSC4: Page.goto: Protocol error (Page.navigate): Cannot navigate to invalid URL
Call log:
  - navigating to "/videos/search?q=%22Toronto+rental+listings%22+site%3apadmapper.com&FORM=HDRSC4", waiting until "networkidle"

